0 info it worked if it ends with ok
1 verbose cli [ '/usr/local/bin/node', '/usr/local/bin/npm', 'install' ]
2 info using npm@1.4.28
3 info using node@v0.10.34
4 verbose readDependencies using package.json deps
5 verbose install where, deps [ '/Users/glenncastro/GitHub/spa/webapp',
5 verbose install   [ 'express', 'mongodb', 'socket.io', 'JSV', 'redis' ] ]
6 info preinstall SPA@0.0.3
7 verbose readDependencies using package.json deps
8 verbose cache add [ 'express@3.2.x', null ]
9 verbose cache add name=undefined spec="express@3.2.x" args=["express@3.2.x",null]
10 verbose parsed url { protocol: null,
10 verbose parsed url   slashes: null,
10 verbose parsed url   auth: null,
10 verbose parsed url   host: null,
10 verbose parsed url   port: null,
10 verbose parsed url   hostname: null,
10 verbose parsed url   hash: null,
10 verbose parsed url   search: null,
10 verbose parsed url   query: null,
10 verbose parsed url   pathname: 'express@3.2.x',
10 verbose parsed url   path: 'express@3.2.x',
10 verbose parsed url   href: 'express@3.2.x' }
11 verbose cache add [ 'mongodb@1.3.x', null ]
12 verbose cache add name=undefined spec="mongodb@1.3.x" args=["mongodb@1.3.x",null]
13 verbose parsed url { protocol: null,
13 verbose parsed url   slashes: null,
13 verbose parsed url   auth: null,
13 verbose parsed url   host: null,
13 verbose parsed url   port: null,
13 verbose parsed url   hostname: null,
13 verbose parsed url   hash: null,
13 verbose parsed url   search: null,
13 verbose parsed url   query: null,
13 verbose parsed url   pathname: 'mongodb@1.3.x',
13 verbose parsed url   path: 'mongodb@1.3.x',
13 verbose parsed url   href: 'mongodb@1.3.x' }
14 verbose cache add [ 'socket.io@0.9.x', null ]
15 verbose cache add name=undefined spec="socket.io@0.9.x" args=["socket.io@0.9.x",null]
16 verbose parsed url { protocol: null,
16 verbose parsed url   slashes: null,
16 verbose parsed url   auth: null,
16 verbose parsed url   host: null,
16 verbose parsed url   port: null,
16 verbose parsed url   hostname: null,
16 verbose parsed url   hash: null,
16 verbose parsed url   search: null,
16 verbose parsed url   query: null,
16 verbose parsed url   pathname: 'socket.io@0.9.x',
16 verbose parsed url   path: 'socket.io@0.9.x',
16 verbose parsed url   href: 'socket.io@0.9.x' }
17 verbose cache add [ 'JSV@4.0.x', null ]
18 verbose cache add name=undefined spec="JSV@4.0.x" args=["JSV@4.0.x",null]
19 verbose parsed url { protocol: null,
19 verbose parsed url   slashes: null,
19 verbose parsed url   auth: null,
19 verbose parsed url   host: null,
19 verbose parsed url   port: null,
19 verbose parsed url   hostname: null,
19 verbose parsed url   hash: null,
19 verbose parsed url   search: null,
19 verbose parsed url   query: null,
19 verbose parsed url   pathname: 'JSV@4.0.x',
19 verbose parsed url   path: 'JSV@4.0.x',
19 verbose parsed url   href: 'JSV@4.0.x' }
20 verbose cache add [ 'redis@2.8.x', null ]
21 verbose cache add name=undefined spec="redis@2.8.x" args=["redis@2.8.x",null]
22 verbose parsed url { protocol: null,
22 verbose parsed url   slashes: null,
22 verbose parsed url   auth: null,
22 verbose parsed url   host: null,
22 verbose parsed url   port: null,
22 verbose parsed url   hostname: null,
22 verbose parsed url   hash: null,
22 verbose parsed url   search: null,
22 verbose parsed url   query: null,
22 verbose parsed url   pathname: 'redis@2.8.x',
22 verbose parsed url   path: 'redis@2.8.x',
22 verbose parsed url   href: 'redis@2.8.x' }
23 verbose cache add name="express" spec="3.2.x" args=["express","3.2.x"]
24 verbose parsed url { protocol: null,
24 verbose parsed url   slashes: null,
24 verbose parsed url   auth: null,
24 verbose parsed url   host: null,
24 verbose parsed url   port: null,
24 verbose parsed url   hostname: null,
24 verbose parsed url   hash: null,
24 verbose parsed url   search: null,
24 verbose parsed url   query: null,
24 verbose parsed url   pathname: '3.2.x',
24 verbose parsed url   path: '3.2.x',
24 verbose parsed url   href: '3.2.x' }
25 verbose addNamed [ 'express', '3.2.x' ]
26 verbose addNamed [ null, '>=3.2.0-0 <3.3.0-0' ]
27 verbose cache add name="mongodb" spec="1.3.x" args=["mongodb","1.3.x"]
28 verbose parsed url { protocol: null,
28 verbose parsed url   slashes: null,
28 verbose parsed url   auth: null,
28 verbose parsed url   host: null,
28 verbose parsed url   port: null,
28 verbose parsed url   hostname: null,
28 verbose parsed url   hash: null,
28 verbose parsed url   search: null,
28 verbose parsed url   query: null,
28 verbose parsed url   pathname: '1.3.x',
28 verbose parsed url   path: '1.3.x',
28 verbose parsed url   href: '1.3.x' }
29 verbose addNamed [ 'mongodb', '1.3.x' ]
30 verbose addNamed [ null, '>=1.3.0-0 <1.4.0-0' ]
31 verbose cache add name="socket.io" spec="0.9.x" args=["socket.io","0.9.x"]
32 verbose parsed url { protocol: null,
32 verbose parsed url   slashes: null,
32 verbose parsed url   auth: null,
32 verbose parsed url   host: null,
32 verbose parsed url   port: null,
32 verbose parsed url   hostname: null,
32 verbose parsed url   hash: null,
32 verbose parsed url   search: null,
32 verbose parsed url   query: null,
32 verbose parsed url   pathname: '0.9.x',
32 verbose parsed url   path: '0.9.x',
32 verbose parsed url   href: '0.9.x' }
33 verbose addNamed [ 'socket.io', '0.9.x' ]
34 verbose addNamed [ null, '>=0.9.0-0 <0.10.0-0' ]
35 verbose cache add name="JSV" spec="4.0.x" args=["JSV","4.0.x"]
36 verbose parsed url { protocol: null,
36 verbose parsed url   slashes: null,
36 verbose parsed url   auth: null,
36 verbose parsed url   host: null,
36 verbose parsed url   port: null,
36 verbose parsed url   hostname: null,
36 verbose parsed url   hash: null,
36 verbose parsed url   search: null,
36 verbose parsed url   query: null,
36 verbose parsed url   pathname: '4.0.x',
36 verbose parsed url   path: '4.0.x',
36 verbose parsed url   href: '4.0.x' }
37 verbose addNamed [ 'JSV', '4.0.x' ]
38 verbose addNamed [ null, '>=4.0.0-0 <4.1.0-0' ]
39 verbose cache add name="redis" spec="2.8.x" args=["redis","2.8.x"]
40 verbose parsed url { protocol: null,
40 verbose parsed url   slashes: null,
40 verbose parsed url   auth: null,
40 verbose parsed url   host: null,
40 verbose parsed url   port: null,
40 verbose parsed url   hostname: null,
40 verbose parsed url   hash: null,
40 verbose parsed url   search: null,
40 verbose parsed url   query: null,
40 verbose parsed url   pathname: '2.8.x',
40 verbose parsed url   path: '2.8.x',
40 verbose parsed url   href: '2.8.x' }
41 verbose addNamed [ 'redis', '2.8.x' ]
42 verbose addNamed [ null, '>=2.8.0-0 <2.9.0-0' ]
43 silly lockFile b4bfac6c-express-3-2-x express@3.2.x
44 verbose lock express@3.2.x /Users/glenncastro/.npm/b4bfac6c-express-3-2-x.lock
45 silly lockFile f96c502f-mongodb-1-3-x mongodb@1.3.x
46 verbose lock mongodb@1.3.x /Users/glenncastro/.npm/f96c502f-mongodb-1-3-x.lock
47 silly lockFile 4eb97b2b-socket-io-0-9-x socket.io@0.9.x
48 verbose lock socket.io@0.9.x /Users/glenncastro/.npm/4eb97b2b-socket-io-0-9-x.lock
49 silly lockFile ea6a2420-JSV-4-0-x JSV@4.0.x
50 verbose lock JSV@4.0.x /Users/glenncastro/.npm/ea6a2420-JSV-4-0-x.lock
51 silly lockFile 0e201a17-redis-2-8-x redis@2.8.x
52 verbose lock redis@2.8.x /Users/glenncastro/.npm/0e201a17-redis-2-8-x.lock
53 silly addNameRange { name: 'express', range: '>=3.2.0-0 <3.3.0-0', hasData: false }
54 silly addNameRange { name: 'mongodb', range: '>=1.3.0-0 <1.4.0-0', hasData: false }
55 silly addNameRange { name: 'socket.io',
55 silly addNameRange   range: '>=0.9.0-0 <0.10.0-0',
55 silly addNameRange   hasData: false }
56 silly addNameRange { name: 'JSV', range: '>=4.0.0-0 <4.1.0-0', hasData: false }
57 silly addNameRange { name: 'redis', range: '>=2.8.0-0 <2.9.0-0', hasData: false }
58 verbose request where is /express
59 verbose request registry https://registry.npmjs.org/
60 verbose request id 3ed5dcdc109a9a07
61 verbose url raw /express
62 verbose url resolving [ 'https://registry.npmjs.org/', './express' ]
63 verbose url resolved https://registry.npmjs.org/express
64 verbose request where is https://registry.npmjs.org/express
65 info trying registry request attempt 1 at 14:49:05
66 http GET https://registry.npmjs.org/express
67 verbose request where is /socket.io
68 verbose request registry https://registry.npmjs.org/
69 verbose url raw /socket.io
70 verbose url resolving [ 'https://registry.npmjs.org/', './socket.io' ]
71 verbose url resolved https://registry.npmjs.org/socket.io
72 verbose request where is https://registry.npmjs.org/socket.io
73 info trying registry request attempt 1 at 14:49:05
74 http GET https://registry.npmjs.org/socket.io
75 verbose request where is /JSV
76 verbose request registry https://registry.npmjs.org/
77 verbose url raw /JSV
78 verbose url resolving [ 'https://registry.npmjs.org/', './JSV' ]
79 verbose url resolved https://registry.npmjs.org/JSV
80 verbose request where is https://registry.npmjs.org/JSV
81 info trying registry request attempt 1 at 14:49:05
82 http GET https://registry.npmjs.org/JSV
83 verbose request where is /mongodb
84 verbose request registry https://registry.npmjs.org/
85 verbose url raw /mongodb
86 verbose url resolving [ 'https://registry.npmjs.org/', './mongodb' ]
87 verbose url resolved https://registry.npmjs.org/mongodb
88 verbose request where is https://registry.npmjs.org/mongodb
89 info trying registry request attempt 1 at 14:49:05
90 http GET https://registry.npmjs.org/mongodb
91 verbose request where is /redis
92 verbose request registry https://registry.npmjs.org/
93 verbose url raw /redis
94 verbose url resolving [ 'https://registry.npmjs.org/', './redis' ]
95 verbose url resolved https://registry.npmjs.org/redis
96 verbose request where is https://registry.npmjs.org/redis
97 info trying registry request attempt 1 at 14:49:05
98 http GET https://registry.npmjs.org/redis
99 http 200 https://registry.npmjs.org/JSV
100 silly registry.get cb [ 200,
100 silly registry.get   { date: 'Fri, 19 Dec 2014 03:49:06 GMT',
100 silly registry.get     server: 'CouchDB/1.5.0 (Erlang OTP/R16B03)',
100 silly registry.get     etag: '"31KC3X0P7DCR0XTV2AXZH4O77"',
100 silly registry.get     'content-type': 'application/json',
100 silly registry.get     'cache-control': 'max-age=60',
100 silly registry.get     'content-length': '43940',
100 silly registry.get     'accept-ranges': 'bytes',
100 silly registry.get     via: '1.1 varnish',
100 silly registry.get     age: '41',
100 silly registry.get     'x-served-by': 'cache-syd1621-SYD',
100 silly registry.get     'x-cache': 'HIT',
100 silly registry.get     'x-cache-hits': '1',
100 silly registry.get     'x-timer': 'S1418960946.839727,VS0,VE0',
100 silly registry.get     vary: 'Accept',
100 silly registry.get     'keep-alive': 'timeout=10, max=50',
100 silly registry.get     connection: 'Keep-Alive' } ]
101 silly addNameRange number 2 { name: 'JSV', range: '>=4.0.0-0 <4.1.0-0', hasData: true }
102 silly addNameRange versions [ 'JSV', [ '3.5.0', '4.0.0', '4.0.1', '4.0.2' ] ]
103 verbose addNamed [ 'JSV', '4.0.2' ]
104 verbose addNamed [ '4.0.2', '4.0.2' ]
105 silly lockFile 2c4de383-JSV-4-0-2 JSV@4.0.2
106 verbose lock JSV@4.0.2 /Users/glenncastro/.npm/2c4de383-JSV-4-0-2.lock
107 silly lockFile dabff224-stry-npmjs-org-JSV-JSV-4-0-2-tgz https://registry.npmjs.org/JSV/-/JSV-4.0.2.tgz
108 verbose lock https://registry.npmjs.org/JSV/-/JSV-4.0.2.tgz /Users/glenncastro/.npm/dabff224-stry-npmjs-org-JSV-JSV-4-0-2-tgz.lock
109 verbose addRemoteTarball [ 'https://registry.npmjs.org/JSV/-/JSV-4.0.2.tgz',
109 verbose addRemoteTarball   'd077f6825571f82132f9dffaed587b4029feff57' ]
110 info retry fetch attempt 1 at 14:49:06
111 verbose fetch to= /var/folders/h8/zsfglkts6yv_gwss5rttlc700000gn/T/npm-34094-MsgFloXa/registry.npmjs.org/JSV/-/JSV-4.0.2.tgz
112 http GET https://registry.npmjs.org/JSV/-/JSV-4.0.2.tgz
113 http 200 https://registry.npmjs.org/socket.io
114 silly registry.get cb [ 200,
114 silly registry.get   { date: 'Fri, 19 Dec 2014 03:49:06 GMT',
114 silly registry.get     server: 'CouchDB/1.5.0 (Erlang OTP/R16B03)',
114 silly registry.get     etag: '"BJ8YDXMPI59YRGX5ASXNHR9YB"',
114 silly registry.get     'content-type': 'application/json',
114 silly registry.get     'cache-control': 'max-age=60',
114 silly registry.get     'content-length': '103072',
114 silly registry.get     'accept-ranges': 'bytes',
114 silly registry.get     via: '1.1 varnish',
114 silly registry.get     age: '45',
114 silly registry.get     'x-served-by': 'cache-syd1620-SYD',
114 silly registry.get     'x-cache': 'HIT',
114 silly registry.get     'x-cache-hits': '3',
114 silly registry.get     'x-timer': 'S1418960946.846297,VS0,VE0',
114 silly registry.get     vary: 'Accept',
114 silly registry.get     'keep-alive': 'timeout=10, max=50',
114 silly registry.get     connection: 'Keep-Alive' } ]
115 silly addNameRange number 2 { name: 'socket.io',
115 silly addNameRange   range: '>=0.9.0-0 <0.10.0-0',
115 silly addNameRange   hasData: true }
116 silly addNameRange versions [ 'socket.io',
116 silly addNameRange   [ '0.3.8',
116 silly addNameRange     '0.4.0',
116 silly addNameRange     '0.4.1',
116 silly addNameRange     '0.5.1',
116 silly addNameRange     '0.5.3',
116 silly addNameRange     '0.6.0',
116 silly addNameRange     '0.6.1',
116 silly addNameRange     '0.6.3',
116 silly addNameRange     '0.6.4',
116 silly addNameRange     '0.6.5',
116 silly addNameRange     '0.6.6',
116 silly addNameRange     '0.6.7',
116 silly addNameRange     '0.6.8',
116 silly addNameRange     '0.6.9',
116 silly addNameRange     '0.6.10',
116 silly addNameRange     '0.6.11',
116 silly addNameRange     '0.6.12',
116 silly addNameRange     '0.6.14',
116 silly addNameRange     '0.6.15',
116 silly addNameRange     '0.6.16',
116 silly addNameRange     '0.6.17',
116 silly addNameRange     '0.6.18',
116 silly addNameRange     '0.7.0',
116 silly addNameRange     '0.7.1',
116 silly addNameRange     '0.7.2',
116 silly addNameRange     '0.7.3',
116 silly addNameRange     '0.7.4',
116 silly addNameRange     '0.7.5',
116 silly addNameRange     '0.7.6',
116 silly addNameRange     '0.7.7',
116 silly addNameRange     '0.7.8',
116 silly addNameRange     '0.7.9',
116 silly addNameRange     '0.7.10',
116 silly addNameRange     '0.7.11',
116 silly addNameRange     '0.8.0',
116 silly addNameRange     '0.8.1',
116 silly addNameRange     '0.8.2',
116 silly addNameRange     '0.8.3',
116 silly addNameRange     '0.8.4',
116 silly addNameRange     '0.8.5',
116 silly addNameRange     '0.8.6',
116 silly addNameRange     '0.8.7',
116 silly addNameRange     '0.9.0',
116 silly addNameRange     '0.9.1',
116 silly addNameRange     '0.9.1-1',
116 silly addNameRange     '0.9.2',
116 silly addNameRange     '0.9.3',
116 silly addNameRange     '0.9.4',
116 silly addNameRange     '0.9.5',
116 silly addNameRange     '0.9.6',
116 silly addNameRange     '0.9.7',
116 silly addNameRange     '0.9.8',
116 silly addNameRange     '0.9.9',
116 silly addNameRange     '0.9.10',
116 silly addNameRange     '0.9.11',
116 silly addNameRange     '0.9.12',
116 silly addNameRange     '0.9.13',
116 silly addNameRange     '0.9.14',
116 silly addNameRange     '0.9.15',
116 silly addNameRange     '0.9.16',
116 silly addNameRange     '1.0.0-pre',
116 silly addNameRange     '1.0.0-pre2',
116 silly addNameRange     '1.0.0-pre3',
116 silly addNameRange     '1.0.0-pre4',
116 silly addNameRange     '1.0.0-pre5',
116 silly addNameRange     '0.9.17',
116 silly addNameRange     '1.0.0',
116 silly addNameRange     '1.0.1',
116 silly addNameRange     '1.0.2',
116 silly addNameRange     '1.0.3',
116 silly addNameRange     '1.0.4',
116 silly addNameRange     '1.0.5',
116 silly addNameRange     '1.0.6',
116 silly addNameRange     '1.1.0',
116 silly addNameRange     '1.2.0',
116 silly addNameRange     '1.2.1' ] ]
117 verbose addNamed [ 'socket.io', '0.9.17' ]
118 verbose addNamed [ '0.9.17', '0.9.17' ]
119 silly lockFile 1593240a-socket-io-0-9-17 socket.io@0.9.17
120 verbose lock socket.io@0.9.17 /Users/glenncastro/.npm/1593240a-socket-io-0-9-17.lock
121 silly lockFile dc5b8fe7-g-socket-io-socket-io-0-9-17-tgz https://registry.npmjs.org/socket.io/-/socket.io-0.9.17.tgz
122 verbose lock https://registry.npmjs.org/socket.io/-/socket.io-0.9.17.tgz /Users/glenncastro/.npm/dc5b8fe7-g-socket-io-socket-io-0-9-17-tgz.lock
123 verbose addRemoteTarball [ 'https://registry.npmjs.org/socket.io/-/socket.io-0.9.17.tgz',
123 verbose addRemoteTarball   'ca389268fb2cd5df4b59218490a08c907581c9ec' ]
124 info retry fetch attempt 1 at 14:49:06
125 verbose fetch to= /var/folders/h8/zsfglkts6yv_gwss5rttlc700000gn/T/npm-34094-MsgFloXa/registry.npmjs.org/socket.io/-/socket.io-0.9.17.tgz
126 http GET https://registry.npmjs.org/socket.io/-/socket.io-0.9.17.tgz
127 http 200 https://registry.npmjs.org/JSV/-/JSV-4.0.2.tgz
128 http 200 https://registry.npmjs.org/redis
129 silly registry.get cb [ 200,
129 silly registry.get   { date: 'Fri, 19 Dec 2014 03:49:06 GMT',
129 silly registry.get     server: 'CouchDB/1.5.0 (Erlang OTP/R16B03)',
129 silly registry.get     etag: '"6Z6VLUOVO4W8KFPYD91L8OPYQ"',
129 silly registry.get     'content-type': 'application/json',
129 silly registry.get     'cache-control': 'max-age=60',
129 silly registry.get     'content-length': '89937',
129 silly registry.get     'accept-ranges': 'bytes',
129 silly registry.get     via: '1.1 varnish',
129 silly registry.get     age: '53',
129 silly registry.get     'x-served-by': 'cache-syd1620-SYD',
129 silly registry.get     'x-cache': 'HIT',
129 silly registry.get     'x-cache-hits': '4',
129 silly registry.get     'x-timer': 'S1418960946.843153,VS0,VE0',
129 silly registry.get     vary: 'Accept',
129 silly registry.get     'keep-alive': 'timeout=10, max=50',
129 silly registry.get     connection: 'Keep-Alive' } ]
130 silly addNameRange number 2 { name: 'redis', range: '>=2.8.0-0 <2.9.0-0', hasData: true }
131 silly addNameRange versions [ 'redis',
131 silly addNameRange   [ '0.0.1',
131 silly addNameRange     '0.0.2',
131 silly addNameRange     '0.0.3',
131 silly addNameRange     '0.0.4',
131 silly addNameRange     '0.0.7',
131 silly addNameRange     '0.0.8',
131 silly addNameRange     '0.1.0',
131 silly addNameRange     '0.1.1',
131 silly addNameRange     '0.1.2',
131 silly addNameRange     '0.2.0',
131 silly addNameRange     '0.2.1',
131 silly addNameRange     '0.2.2',
131 silly addNameRange     '0.2.3',
131 silly addNameRange     '0.2.4',
131 silly addNameRange     '0.2.6',
131 silly addNameRange     '0.3.0',
131 silly addNameRange     '0.3.1',
131 silly addNameRange     '0.3.2',
131 silly addNameRange     '0.3.3',
131 silly addNameRange     '0.3.4',
131 silly addNameRange     '0.3.5',
131 silly addNameRange     '0.3.6',
131 silly addNameRange     '0.3.7',
131 silly addNameRange     '0.3.9',
131 silly addNameRange     '0.4.0',
131 silly addNameRange     '0.4.1',
131 silly addNameRange     '0.4.2',
131 silly addNameRange     '0.5.0',
131 silly addNameRange     '0.5.1',
131 silly addNameRange     '0.5.2',
131 silly addNameRange     '0.5.3',
131 silly addNameRange     '0.5.4',
131 silly addNameRange     '0.5.5',
131 silly addNameRange     '0.5.6',
131 silly addNameRange     '0.5.7',
131 silly addNameRange     '0.5.8',
131 silly addNameRange     '0.5.9',
131 silly addNameRange     '0.5.10',
131 silly addNameRange     '0.5.11',
131 silly addNameRange     '0.6.0',
131 silly addNameRange     '0.6.1',
131 silly addNameRange     '0.6.2',
131 silly addNameRange     '0.6.3',
131 silly addNameRange     '0.6.4',
131 silly addNameRange     '0.6.5',
131 silly addNameRange     '0.6.6',
131 silly addNameRange     '0.6.7',
131 silly addNameRange     '0.7.0',
131 silly addNameRange     '0.7.1',
131 silly addNameRange     '0.7.2',
131 silly addNameRange     '0.7.3',
131 silly addNameRange     '0.8.0',
131 silly addNameRange     '0.8.1',
131 silly addNameRange     '0.8.2',
131 silly addNameRange     '0.8.3',
131 silly addNameRange     '0.8.4',
131 silly addNameRange     '0.8.5',
131 silly addNameRange     '0.8.6',
131 silly addNameRange     '0.9.0',
131 silly addNameRange     '0.9.1',
131 silly addNameRange     '0.9.2',
131 silly addNameRange     '0.10.0',
131 silly addNameRange     '0.10.1',
131 silly addNameRange     '0.10.2',
131 silly addNameRange     '0.10.3',
131 silly addNameRange     '0.11.0',
131 silly addNameRange     '0.12.0',
131 silly addNameRange     '0.12.1' ] ]
132 silly lockFile 0e201a17-redis-2-8-x redis@2.8.x
133 silly lockFile 0e201a17-redis-2-8-x redis@2.8.x
134 http 200 https://registry.npmjs.org/socket.io/-/socket.io-0.9.17.tgz
135 http 200 https://registry.npmjs.org/express
136 silly registry.get cb [ 200,
136 silly registry.get   { date: 'Fri, 19 Dec 2014 03:49:06 GMT',
136 silly registry.get     server: 'CouchDB/1.5.0 (Erlang OTP/R16B03)',
136 silly registry.get     etag: '"40VQY3OLCDIHXALPBCO2W00J8"',
136 silly registry.get     'content-type': 'application/json',
136 silly registry.get     'cache-control': 'max-age=60',
136 silly registry.get     'content-length': '444503',
136 silly registry.get     'accept-ranges': 'bytes',
136 silly registry.get     via: '1.1 varnish',
136 silly registry.get     age: '20',
136 silly registry.get     'x-served-by': 'cache-syd1623-SYD',
136 silly registry.get     'x-cache': 'HIT',
136 silly registry.get     'x-cache-hits': '3',
136 silly registry.get     'x-timer': 'S1418960946.841346,VS0,VE0',
136 silly registry.get     vary: 'Accept',
136 silly registry.get     'keep-alive': 'timeout=10, max=50',
136 silly registry.get     connection: 'Keep-Alive' } ]
137 silly addNameRange number 2 { name: 'express', range: '>=3.2.0-0 <3.3.0-0', hasData: true }
138 silly addNameRange versions [ 'express',
138 silly addNameRange   [ '0.14.0',
138 silly addNameRange     '0.14.1',
138 silly addNameRange     '1.0.0',
138 silly addNameRange     '1.0.1',
138 silly addNameRange     '1.0.2',
138 silly addNameRange     '1.0.3',
138 silly addNameRange     '1.0.4',
138 silly addNameRange     '1.0.5',
138 silly addNameRange     '1.0.6',
138 silly addNameRange     '1.0.7',
138 silly addNameRange     '1.0.8',
138 silly addNameRange     '2.0.0',
138 silly addNameRange     '2.1.0',
138 silly addNameRange     '2.1.1',
138 silly addNameRange     '2.2.0',
138 silly addNameRange     '2.2.1',
138 silly addNameRange     '2.2.2',
138 silly addNameRange     '2.3.0',
138 silly addNameRange     '2.3.1',
138 silly addNameRange     '2.3.2',
138 silly addNameRange     '2.3.3',
138 silly addNameRange     '2.3.4',
138 silly addNameRange     '2.3.5',
138 silly addNameRange     '2.3.6',
138 silly addNameRange     '2.3.7',
138 silly addNameRange     '2.3.8',
138 silly addNameRange     '2.3.9',
138 silly addNameRange     '2.3.10',
138 silly addNameRange     '2.3.11',
138 silly addNameRange     '2.3.12',
138 silly addNameRange     '2.4.0',
138 silly addNameRange     '2.4.1',
138 silly addNameRange     '2.4.2',
138 silly addNameRange     '2.4.3',
138 silly addNameRange     '2.4.4',
138 silly addNameRange     '2.4.5',
138 silly addNameRange     '2.4.6',
138 silly addNameRange     '2.4.7',
138 silly addNameRange     '2.5.0',
138 silly addNameRange     '2.5.1',
138 silly addNameRange     '2.5.2',
138 silly addNameRange     '2.5.3',
138 silly addNameRange     '2.5.4',
138 silly addNameRange     '2.5.5',
138 silly addNameRange     '2.5.6',
138 silly addNameRange     '2.5.7',
138 silly addNameRange     '2.5.8',
138 silly addNameRange     '2.5.9',
138 silly addNameRange     '2.5.10',
138 silly addNameRange     '2.5.11',
138 silly addNameRange     '3.0.0',
138 silly addNameRange     '3.0.1',
138 silly addNameRange     '3.0.2',
138 silly addNameRange     '3.0.3',
138 silly addNameRange     '3.0.4',
138 silly addNameRange     '3.0.5',
138 silly addNameRange     '3.0.6',
138 silly addNameRange     '3.1.0',
138 silly addNameRange     '3.1.1',
138 silly addNameRange     '3.1.2',
138 silly addNameRange     '3.2.0',
138 silly addNameRange     '3.2.1',
138 silly addNameRange     '3.2.2',
138 silly addNameRange     '3.2.3',
138 silly addNameRange     '3.2.4',
138 silly addNameRange     '3.2.5',
138 silly addNameRange     '3.2.6',
138 silly addNameRange     '3.3.0',
138 silly addNameRange     '3.3.1',
138 silly addNameRange     '3.3.2',
138 silly addNameRange     '3.3.3',
138 silly addNameRange     '3.3.4',
138 silly addNameRange     '3.3.5',
138 silly addNameRange     '3.3.6',
138 silly addNameRange     '1.0.0-beta',
138 silly addNameRange     '1.0.0-beta2',
138 silly addNameRange     '1.0.0-rc',
138 silly addNameRange     '1.0.0-rc2',
138 silly addNameRange     '1.0.0-rc3',
138 silly addNameRange     '1.0.0-rc4',
138 silly addNameRange     '2.0.0-beta',
138 silly addNameRange     '2.0.0-beta2',
138 silly addNameRange     '2.0.0-beta3',
138 silly addNameRange     '2.0.0-rc',
138 silly addNameRange     '2.0.0-rc2',
138 silly addNameRange     '2.0.0-rc3',
138 silly addNameRange     '3.0.0-alpha1',
138 silly addNameRange     '3.0.0-alpha2',
138 silly addNameRange     '3.0.0-alpha3',
138 silly addNameRange     '3.0.0-alpha4',
138 silly addNameRange     '3.0.0-alpha5',
138 silly addNameRange     '3.0.0-beta1',
138 silly addNameRange     '3.0.0-beta2',
138 silly addNameRange     '3.0.0-beta3',
138 silly addNameRange     '3.0.0-beta4',
138 silly addNameRange     '3.0.0-beta6',
138 silly addNameRange     '3.0.0-beta7',
138 silly addNameRange     '3.0.0-rc1',
138 silly addNameRange     '3.0.0-rc2',
138 silly addNameRange     '3.0.0-rc3',
138 silly addNameRange     '3.0.0-rc4',
138 silly addNameRange     '3.0.0-rc5',
138 silly addNameRange     '3.3.7',
138 silly addNameRange     '3.3.8',
138 silly addNameRange     '3.4.0',
138 silly addNameRange     '3.4.1',
138 silly addNameRange     '3.4.2',
138 silly addNameRange     '3.4.3',
138 silly addNameRange     '3.4.4',
138 silly addNameRange     '3.4.5',
138 silly addNameRange     '3.4.6',
138 silly addNameRange     '3.4.7',
138 silly addNameRange     '3.4.8',
138 silly addNameRange     '4.0.0-rc1',
138 silly addNameRange     '4.0.0-rc2',
138 silly addNameRange     '3.5.0',
138 silly addNameRange     '4.0.0-rc3',
138 silly addNameRange     '4.0.0-rc4',
138 silly addNameRange     '3.5.1',
138 silly addNameRange     '4.0.0',
138 silly addNameRange     '3.5.2',
138 silly addNameRange     '4.1.0',
138 silly addNameRange     '4.1.1',
138 silly addNameRange     '3.5.3',
138 silly addNameRange     '4.1.2',
138 silly addNameRange     '3.6.0',
138 silly addNameRange     '4.2.0',
138 silly addNameRange     '3.7.0',
138 silly addNameRange     '3.8.0',
138 silly addNameRange     '4.3.0',
138 silly addNameRange     '4.3.1',
138 silly addNameRange     '3.8.1',
138 silly addNameRange     '4.3.2',
138 silly addNameRange     '3.9.0',
138 silly addNameRange     '4.4.0',
138 silly addNameRange     '4.4.1',
138 silly addNameRange     '3.10.0',
138 silly addNameRange     '3.10.1',
138 silly addNameRange     '3.10.2',
138 silly addNameRange     '3.10.3',
138 silly addNameRange     '3.10.4',
138 silly addNameRange     '4.4.2',
138 silly addNameRange     '3.10.5',
138 silly addNameRange     '4.4.3',
138 silly addNameRange     '3.11.0',
138 silly addNameRange     '4.4.4',
138 silly addNameRange     '3.12.0',
138 silly addNameRange     '3.12.1',
138 silly addNameRange     '4.4.5',
138 silly addNameRange     '3.13.0',
138 silly addNameRange     '4.5.0',
138 silly addNameRange     '4.5.1',
138 silly addNameRange     '3.14.0',
138 silly addNameRange     '4.6.0',
138 silly addNameRange     '4.6.1',
138 silly addNameRange     '3.15.0',
138 silly addNameRange     '4.7.0',
138 silly addNameRange     '3.15.1',
138 silly addNameRange     '4.7.1',
138 silly addNameRange     '3.15.2',
138 silly addNameRange     '4.7.2',
138 silly addNameRange     '4.7.3',
138 silly addNameRange     '3.15.3',
138 silly addNameRange     '4.7.4',
138 silly addNameRange     '3.16.0',
138 silly addNameRange     '4.8.0',
138 silly addNameRange     '3.16.1',
138 silly addNameRange     '4.8.1',
138 silly addNameRange     '3.16.2',
138 silly addNameRange     '4.8.2',
138 silly addNameRange     '3.16.3',
138 silly addNameRange     '3.16.4',
138 silly addNameRange     '4.8.3',
138 silly addNameRange     '3.16.5',
138 silly addNameRange     '3.16.6',
138 silly addNameRange     '4.8.4',
138 silly addNameRange     '3.16.7',
138 silly addNameRange     '4.8.5',
138 silly addNameRange     '3.16.8',
138 silly addNameRange     '4.8.6',
138 silly addNameRange     '3.16.9',
138 silly addNameRange     '4.8.7',
138 silly addNameRange     '3.16.10',
138 silly addNameRange     '4.8.8',
138 silly addNameRange     '3.17.0',
138 silly addNameRange     '3.17.1',
138 silly addNameRange     '4.9.0',
138 silly addNameRange     '3.17.2',
138 silly addNameRange     '4.9.1',
138 silly addNameRange     '4.9.2',
138 silly addNameRange     '3.17.3',
138 silly addNameRange     '4.9.3',
138 silly addNameRange     '3.17.4',
138 silly addNameRange     '4.9.4',
138 silly addNameRange     '3.17.5',
138 silly addNameRange     '4.9.5',
138 silly addNameRange     '3.17.6',
138 silly addNameRange     '3.17.7',
138 silly addNameRange     '4.9.6',
138 silly addNameRange     '4.9.7',
138 silly addNameRange     '3.17.8',
138 silly addNameRange     '4.9.8',
138 silly addNameRange     '3.18.0',
138 silly addNameRange     '3.18.1',
138 silly addNameRange     '4.10.0',
138 silly addNameRange     '3.18.2',
138 silly addNameRange     '4.10.1',
138 silly addNameRange     '5.0.0-alpha.1',
138 silly addNameRange     '3.18.3',
138 silly addNameRange     '4.10.2',
138 silly addNameRange     '3.18.4',
138 silly addNameRange     '4.10.3',
138 silly addNameRange     '4.10.4',
138 silly addNameRange     '4.10.5',
138 silly addNameRange     '3.18.5',
138 silly addNameRange     '3.18.6',
138 silly addNameRange     '4.10.6' ] ]
139 verbose addNamed [ 'express', '3.2.6' ]
140 verbose addNamed [ '3.2.6', '3.2.6' ]
141 silly lockFile fdae4232-express-3-2-6 express@3.2.6
142 verbose lock express@3.2.6 /Users/glenncastro/.npm/fdae4232-express-3-2-6.lock
143 silly lockFile 8480e2cd-js-org-express-express-3-2-6-tgz https://registry.npmjs.org/express/-/express-3.2.6.tgz
144 verbose lock https://registry.npmjs.org/express/-/express-3.2.6.tgz /Users/glenncastro/.npm/8480e2cd-js-org-express-express-3-2-6-tgz.lock
145 verbose addRemoteTarball [ 'https://registry.npmjs.org/express/-/express-3.2.6.tgz',
145 verbose addRemoteTarball   'd8a9fe065adc23c5b41ec2c689c672b261430ffc' ]
146 info retry fetch attempt 1 at 14:49:07
147 verbose fetch to= /var/folders/h8/zsfglkts6yv_gwss5rttlc700000gn/T/npm-34094-MsgFloXa/registry.npmjs.org/express/-/express-3.2.6.tgz
148 http GET https://registry.npmjs.org/express/-/express-3.2.6.tgz
149 silly lockFile dc5b8fe7-g-socket-io-socket-io-0-9-17-tgz https://registry.npmjs.org/socket.io/-/socket.io-0.9.17.tgz
150 silly lockFile dc5b8fe7-g-socket-io-socket-io-0-9-17-tgz https://registry.npmjs.org/socket.io/-/socket.io-0.9.17.tgz
151 silly lockFile 1593240a-socket-io-0-9-17 socket.io@0.9.17
152 silly lockFile 1593240a-socket-io-0-9-17 socket.io@0.9.17
153 silly lockFile 4eb97b2b-socket-io-0-9-x socket.io@0.9.x
154 silly lockFile 4eb97b2b-socket-io-0-9-x socket.io@0.9.x
155 http 200 https://registry.npmjs.org/express/-/express-3.2.6.tgz
156 silly lockFile 8480e2cd-js-org-express-express-3-2-6-tgz https://registry.npmjs.org/express/-/express-3.2.6.tgz
157 silly lockFile 8480e2cd-js-org-express-express-3-2-6-tgz https://registry.npmjs.org/express/-/express-3.2.6.tgz
158 silly lockFile fdae4232-express-3-2-6 express@3.2.6
159 silly lockFile fdae4232-express-3-2-6 express@3.2.6
160 silly lockFile b4bfac6c-express-3-2-x express@3.2.x
161 silly lockFile b4bfac6c-express-3-2-x express@3.2.x
162 http 200 https://registry.npmjs.org/mongodb
163 silly registry.get cb [ 200,
163 silly registry.get   { date: 'Fri, 19 Dec 2014 03:49:07 GMT',
163 silly registry.get     server: 'CouchDB/1.5.0 (Erlang OTP/R16B03)',
163 silly registry.get     etag: '"EUBG4MZ42QK887FLZPX2J4PA1"',
163 silly registry.get     'content-type': 'application/json',
163 silly registry.get     'cache-control': 'max-age=60',
163 silly registry.get     'content-length': '400648',
163 silly registry.get     'accept-ranges': 'bytes',
163 silly registry.get     via: '1.1 varnish',
163 silly registry.get     age: '0',
163 silly registry.get     'x-served-by': 'cache-syd1620-SYD',
163 silly registry.get     'x-cache': 'HIT',
163 silly registry.get     'x-cache-hits': '1',
163 silly registry.get     'x-timer': 'S1418960946.828705,VS0,VE186',
163 silly registry.get     vary: 'Accept',
163 silly registry.get     'keep-alive': 'timeout=10, max=50',
163 silly registry.get     connection: 'Keep-Alive' } ]
164 silly addNameRange number 2 { name: 'mongodb', range: '>=1.3.0-0 <1.4.0-0', hasData: true }
165 silly addNameRange versions [ 'mongodb',
165 silly addNameRange   [ '0.9.4',
165 silly addNameRange     '0.9.4-4',
165 silly addNameRange     '0.9.3',
165 silly addNameRange     '0.9.1',
165 silly addNameRange     '0.9.2',
165 silly addNameRange     '0.9.6-7',
165 silly addNameRange     '0.9.6-8',
165 silly addNameRange     '0.9.6-9',
165 silly addNameRange     '0.9.6-10',
165 silly addNameRange     '0.9.6-11',
165 silly addNameRange     '0.9.6-12',
165 silly addNameRange     '0.9.6-13',
165 silly addNameRange     '0.9.6-14',
165 silly addNameRange     '0.9.6-15',
165 silly addNameRange     '0.9.6-16',
165 silly addNameRange     '0.9.6-17',
165 silly addNameRange     '0.9.6-18',
165 silly addNameRange     '0.9.6-19',
165 silly addNameRange     '0.9.6-20',
165 silly addNameRange     '0.9.6-21',
165 silly addNameRange     '0.9.6-22',
165 silly addNameRange     '0.9.6-23',
165 silly addNameRange     '0.9.7',
165 silly addNameRange     '0.9.7-0',
165 silly addNameRange     '0.9.7-1',
165 silly addNameRange     '0.9.7-1.1',
165 silly addNameRange     '0.9.7-1.2',
165 silly addNameRange     '0.9.7-1.3',
165 silly addNameRange     '0.9.7-1.4',
165 silly addNameRange     '0.9.7-2',
165 silly addNameRange     '0.9.7-2-1',
165 silly addNameRange     '0.9.7-2-2',
165 silly addNameRange     '0.9.7-2-3',
165 silly addNameRange     '0.9.7-2-4',
165 silly addNameRange     '0.9.7-2-5',
165 silly addNameRange     '0.9.7-3',
165 silly addNameRange     '0.9.7-3-1',
165 silly addNameRange     '0.9.7-3-2',
165 silly addNameRange     '0.9.7-3-3',
165 silly addNameRange     '0.9.7-3-4',
165 silly addNameRange     '0.9.7-3-5',
165 silly addNameRange     '0.9.8',
165 silly addNameRange     '0.9.8-1',
165 silly addNameRange     '0.9.8-2',
165 silly addNameRange     '0.9.8-3',
165 silly addNameRange     '0.9.8-4',
165 silly addNameRange     '0.9.8-5',
165 silly addNameRange     '0.9.8-6',
165 silly addNameRange     '0.9.8-7',
165 silly addNameRange     '0.9.9',
165 silly addNameRange     '0.9.9-1',
165 silly addNameRange     '0.9.9-2',
165 silly addNameRange     '0.9.9-3',
165 silly addNameRange     '0.9.9-4',
165 silly addNameRange     '0.9.9-5',
165 silly addNameRange     '0.9.9-6',
165 silly addNameRange     '0.9.9-7',
165 silly addNameRange     '0.9.9-8',
165 silly addNameRange     '1.0.0',
165 silly addNameRange     '1.0.1',
165 silly addNameRange     '1.0.2',
165 silly addNameRange     '1.1.0-beta',
165 silly addNameRange     '1.1.0',
165 silly addNameRange     '1.1.1',
165 silly addNameRange     '1.1.2',
165 silly addNameRange     '1.1.3',
165 silly addNameRange     '1.1.4',
165 silly addNameRange     '1.1.5',
165 silly addNameRange     '1.1.6',
165 silly addNameRange     '1.1.7',
165 silly addNameRange     '1.1.8',
165 silly addNameRange     '1.1.9',
165 silly addNameRange     '1.1.10',
165 silly addNameRange     '1.1.11',
165 silly addNameRange     '1.2.0',
165 silly addNameRange     '1.2.1',
165 silly addNameRange     '1.2.2',
165 silly addNameRange     '1.2.3',
165 silly addNameRange     '1.2.4',
165 silly addNameRange     '1.2.5',
165 silly addNameRange     '1.2.6',
165 silly addNameRange     '1.2.7',
165 silly addNameRange     '1.2.8',
165 silly addNameRange     '1.2.9',
165 silly addNameRange     '1.2.10',
165 silly addNameRange     '1.2.11',
165 silly addNameRange     '1.2.12',
165 silly addNameRange     '1.2.13',
165 silly addNameRange     '1.2.14',
165 silly addNameRange     '1.3.0',
165 silly addNameRange     '1.3.1',
165 silly addNameRange     '1.3.2',
165 silly addNameRange     '1.3.3',
165 silly addNameRange     '1.3.4',
165 silly addNameRange     '1.3.5',
165 silly addNameRange     '1.3.6',
165 silly addNameRange     '1.3.7',
165 silly addNameRange     '1.3.8',
165 silly addNameRange     '1.3.9',
165 silly addNameRange     '1.3.10',
165 silly addNameRange     '1.3.11',
165 silly addNameRange     '1.3.12',
165 silly addNameRange     '1.3.14',
165 silly addNameRange     '1.3.15',
165 silly addNameRange     '1.3.17',
165 silly addNameRange     '1.3.18',
165 silly addNameRange     '1.3.19',
165 silly addNameRange     '1.4.0-rc2',
165 silly addNameRange     '1.3.20',
165 silly addNameRange     '1.4.0-rc3',
165 silly addNameRange     '1.3.21',
165 silly addNameRange     '1.3.22',
165 silly addNameRange     '1.3.23',
165 silly addNameRange     '1.4.0-rc4',
165 silly addNameRange     '1.4.0-rc5',
165 silly addNameRange     '1.4.0-rc6',
165 silly addNameRange     '1.4.0-rc7',
165 silly addNameRange     '1.4.0-rc8',
165 silly addNameRange     '1.4.0-rc9',
165 silly addNameRange     '1.4.0-rc10',
165 silly addNameRange     '1.4.0',
165 silly addNameRange     '1.4.1',
165 silly addNameRange     '1.4.2',
165 silly addNameRange     '1.4.3',
165 silly addNameRange     '1.4.4',
165 silly addNameRange     '1.4.5',
165 silly addNameRange     '1.4.6',
165 silly addNameRange     '1.4.7',
165 silly addNameRange     '1.4.8',
165 silly addNameRange     '1.4.9',
165 silly addNameRange     '1.4.10',
165 silly addNameRange     '2.0.0-alpha1',
165 silly addNameRange     '1.4.11',
165 silly addNameRange     '1.4.12',
165 silly addNameRange     '1.4.14',
165 silly addNameRange     '1.4.15',
165 silly addNameRange     '1.4.16',
165 silly addNameRange     '1.4.17',
165 silly addNameRange     '2.0.0-alpha2',
165 silly addNameRange     '1.4.18',
165 silly addNameRange     '2.0.0',
165 silly addNameRange     '2.0.1',
165 silly addNameRange     '2.0.2',
165 silly addNameRange     '1.4.19',
165 silly addNameRange     '2.0.3',
165 silly addNameRange     '2.0.4',
165 silly addNameRange     '2.0.5',
165 silly addNameRange     '2.0.6',
165 silly addNameRange     '1.4.20',
165 silly addNameRange     '1.4.22',
165 silly addNameRange     '2.0.7',
165 silly addNameRange     '2.0.8',
165 silly addNameRange     '2.0.9',
165 silly addNameRange     '1.4.23',
165 silly addNameRange     '2.0.10',
165 silly addNameRange     '1.4.24',
165 silly addNameRange     '2.0.11',
165 silly addNameRange     '1.4.25' ] ]
166 verbose addNamed [ 'mongodb', '1.3.23' ]
167 verbose addNamed [ '1.3.23', '1.3.23' ]
168 silly lockFile 130bb479-mongodb-1-3-23 mongodb@1.3.23
169 verbose lock mongodb@1.3.23 /Users/glenncastro/.npm/130bb479-mongodb-1-3-23.lock
170 silly lockFile f15d8475-s-org-mongodb-mongodb-1-3-23-tgz https://registry.npmjs.org/mongodb/-/mongodb-1.3.23.tgz
171 verbose lock https://registry.npmjs.org/mongodb/-/mongodb-1.3.23.tgz /Users/glenncastro/.npm/f15d8475-s-org-mongodb-mongodb-1-3-23-tgz.lock
172 verbose addRemoteTarball [ 'https://registry.npmjs.org/mongodb/-/mongodb-1.3.23.tgz',
172 verbose addRemoteTarball   '874a5212162b16188aeeaee5e06067766c8e9e86' ]
173 info retry fetch attempt 1 at 14:49:08
174 verbose fetch to= /var/folders/h8/zsfglkts6yv_gwss5rttlc700000gn/T/npm-34094-MsgFloXa/registry.npmjs.org/mongodb/-/mongodb-1.3.23.tgz
175 http GET https://registry.npmjs.org/mongodb/-/mongodb-1.3.23.tgz
176 http 200 https://registry.npmjs.org/mongodb/-/mongodb-1.3.23.tgz
177 silly lockFile f15d8475-s-org-mongodb-mongodb-1-3-23-tgz https://registry.npmjs.org/mongodb/-/mongodb-1.3.23.tgz
178 silly lockFile f15d8475-s-org-mongodb-mongodb-1-3-23-tgz https://registry.npmjs.org/mongodb/-/mongodb-1.3.23.tgz
179 silly lockFile 130bb479-mongodb-1-3-23 mongodb@1.3.23
180 silly lockFile 130bb479-mongodb-1-3-23 mongodb@1.3.23
181 silly lockFile f96c502f-mongodb-1-3-x mongodb@1.3.x
182 silly lockFile f96c502f-mongodb-1-3-x mongodb@1.3.x
183 silly lockFile dabff224-stry-npmjs-org-JSV-JSV-4-0-2-tgz https://registry.npmjs.org/JSV/-/JSV-4.0.2.tgz
184 silly lockFile dabff224-stry-npmjs-org-JSV-JSV-4-0-2-tgz https://registry.npmjs.org/JSV/-/JSV-4.0.2.tgz
185 silly lockFile 2c4de383-JSV-4-0-2 JSV@4.0.2
186 silly lockFile 2c4de383-JSV-4-0-2 JSV@4.0.2
187 silly lockFile ea6a2420-JSV-4-0-x JSV@4.0.x
188 silly lockFile ea6a2420-JSV-4-0-x JSV@4.0.x
189 error notarget No compatible version found: redis@'>=2.8.0-0 <2.9.0-0'
189 error notarget Valid install targets:
189 error notarget ["0.0.1","0.0.2","0.0.3","0.0.4","0.0.7","0.0.8","0.1.0","0.1.1","0.1.2","0.2.0","0.2.1","0.2.2","0.2.3","0.2.4","0.2.6","0.3.0","0.3.1","0.3.2","0.3.3","0.3.4","0.3.5","0.3.6","0.3.7","0.3.9","0.4.0","0.4.1","0.4.2","0.5.0","0.5.1","0.5.2","0.5.3","0.5.4","0.5.5","0.5.6","0.5.7","0.5.8","0.5.9","0.5.10","0.5.11","0.6.0","0.6.1","0.6.2","0.6.3","0.6.4","0.6.5","0.6.6","0.6.7","0.7.0","0.7.1","0.7.2","0.7.3","0.8.0","0.8.1","0.8.2","0.8.3","0.8.4","0.8.5","0.8.6","0.9.0","0.9.1","0.9.2","0.10.0","0.10.1","0.10.2","0.10.3","0.11.0","0.12.0","0.12.1"]
189 error notarget
189 error notarget This is most likely not a problem with npm itself.
189 error notarget In most cases you or one of your dependencies are requesting
189 error notarget a package version that doesn't exist.
190 error System Darwin 14.0.0
191 error command "/usr/local/bin/node" "/usr/local/bin/npm" "install"
192 error cwd /Users/glenncastro/GitHub/spa/webapp
193 error node -v v0.10.34
194 error npm -v 1.4.28
195 error code ETARGET
196 verbose exit [ 1, true ]
